<?xml version="1.0" encoding="UTF-8"?>
<coverage generated="1647277814707" clover="3.2.0">
  <project timestamp="1647277814707" name="All files">
    <metrics statements="183" coveredstatements="140" conditionals="54" coveredconditionals="39" methods="34" coveredmethods="29" elements="271" coveredelements="208" complexity="0" loc="183" ncloc="183" packages="1" files="6" classes="6"/>
    <file name="leagueService.js" path="C:\personal\school\cal_poly\winter_2022\CSC308\projects\308-309_Project\backend\models\leagueService.js">
      <metrics statements="33" coveredstatements="16" conditionals="8" coveredconditionals="1" methods="9" coveredmethods="7"/>
      <line num="1" count="1" type="stmt"/>
      <line num="5" count="9" type="stmt"/>
      <line num="9" count="1" type="stmt"/>
      <line num="10" count="1" type="stmt"/>
      <line num="11" count="1" type="stmt"/>
      <line num="12" count="1" type="cond" truecount="1" falsecount="1"/>
      <line num="13" count="1" type="stmt"/>
      <line num="14" count="1" type="stmt"/>
      <line num="15" count="1" type="stmt"/>
      <line num="16" count="1" type="stmt"/>
      <line num="20" count="0" type="stmt"/>
      <line num="21" count="0" type="cond" truecount="0" falsecount="2"/>
      <line num="22" count="0" type="cond" truecount="0" falsecount="2"/>
      <line num="23" count="0" type="stmt"/>
      <line num="24" count="0" type="stmt"/>
      <line num="25" count="0" type="stmt"/>
      <line num="27" count="0" type="stmt"/>
      <line num="28" count="0" type="stmt"/>
      <line num="30" count="0" type="stmt"/>
      <line num="32" count="0" type="stmt"/>
      <line num="37" count="0" type="stmt"/>
      <line num="38" count="0" type="stmt"/>
      <line num="39" count="0" type="stmt"/>
      <line num="40" count="0" type="cond" truecount="0" falsecount="2"/>
      <line num="41" count="0" type="stmt"/>
      <line num="43" count="0" type="stmt"/>
      <line num="46" count="0" type="stmt"/>
      <line num="51" count="1" type="stmt"/>
      <line num="54" count="1" type="stmt"/>
      <line num="58" count="1" type="stmt"/>
      <line num="64" count="1" type="stmt"/>
      <line num="67" count="1" type="stmt"/>
      <line num="71" count="1" type="stmt"/>
    </file>
    <file name="prefSchema.js" path="C:\personal\school\cal_poly\winter_2022\CSC308\projects\308-309_Project\backend\models\prefSchema.js">
      <metrics statements="4" coveredstatements="4" conditionals="0" coveredconditionals="0" methods="0" coveredmethods="0"/>
      <line num="1" count="2" type="stmt"/>
      <line num="2" count="2" type="stmt"/>
      <line num="4" count="2" type="stmt"/>
      <line num="56" count="2" type="stmt"/>
    </file>
    <file name="sportInfoServices.js" path="C:\personal\school\cal_poly\winter_2022\CSC308\projects\308-309_Project\backend\models\sportInfoServices.js">
      <metrics statements="46" coveredstatements="25" conditionals="10" coveredconditionals="3" methods="8" coveredmethods="5"/>
      <line num="1" count="1" type="stmt"/>
      <line num="2" count="1" type="stmt"/>
      <line num="6" count="5" type="stmt"/>
      <line num="7" count="5" type="cond" truecount="1" falsecount="1"/>
      <line num="8" count="0" type="stmt"/>
      <line num="13" count="5" type="stmt"/>
      <line num="17" count="1" type="stmt"/>
      <line num="18" count="1" type="stmt"/>
      <line num="22" count="1" type="stmt"/>
      <line num="23" count="1" type="stmt"/>
      <line num="24" count="1" type="stmt"/>
      <line num="26" count="0" type="stmt"/>
      <line num="27" count="0" type="stmt"/>
      <line num="32" count="4" type="stmt"/>
      <line num="33" count="4" type="stmt"/>
      <line num="34" count="4" type="stmt"/>
      <line num="36" count="0" type="stmt"/>
      <line num="37" count="0" type="stmt"/>
      <line num="42" count="2" type="stmt"/>
      <line num="43" count="2" type="stmt"/>
      <line num="45" count="2" type="cond" truecount="2" falsecount="0"/>
      <line num="46" count="1" type="stmt"/>
      <line num="48" count="1" type="stmt"/>
      <line num="50" count="0" type="stmt"/>
      <line num="51" count="0" type="stmt"/>
      <line num="57" count="0" type="stmt"/>
      <line num="58" count="0" type="cond" truecount="0" falsecount="2"/>
      <line num="59" count="0" type="stmt"/>
      <line num="61" count="0" type="stmt"/>
      <line num="66" count="0" type="stmt"/>
      <line num="67" count="0" type="stmt"/>
      <line num="68" count="0" type="cond" truecount="0" falsecount="2"/>
      <line num="69" count="0" type="stmt"/>
      <line num="71" count="0" type="stmt"/>
      <line num="75" count="0" type="stmt"/>
      <line num="76" count="0" type="stmt"/>
      <line num="77" count="0" type="cond" truecount="0" falsecount="2"/>
      <line num="78" count="0" type="stmt"/>
      <line num="80" count="0" type="stmt"/>
      <line num="83" count="1" type="stmt"/>
      <line num="84" count="1" type="stmt"/>
      <line num="85" count="1" type="stmt"/>
      <line num="86" count="1" type="stmt"/>
      <line num="87" count="1" type="stmt"/>
      <line num="88" count="1" type="stmt"/>
      <line num="89" count="1" type="stmt"/>
    </file>
    <file name="sportSchema.js" path="C:\personal\school\cal_poly\winter_2022\CSC308\projects\308-309_Project\backend\models\sportSchema.js">
      <metrics statements="5" coveredstatements="5" conditionals="0" coveredconditionals="0" methods="0" coveredmethods="0"/>
      <line num="1" count="1" type="stmt"/>
      <line num="2" count="1" type="stmt"/>
      <line num="3" count="1" type="stmt"/>
      <line num="5" count="1" type="stmt"/>
      <line num="19" count="1" type="stmt"/>
    </file>
    <file name="userSchema.js" path="C:\personal\school\cal_poly\winter_2022\CSC308\projects\308-309_Project\backend\models\userSchema.js">
      <metrics statements="14" coveredstatements="14" conditionals="0" coveredconditionals="0" methods="2" coveredmethods="2"/>
      <line num="1" count="2" type="stmt"/>
      <line num="2" count="2" type="stmt"/>
      <line num="4" count="2" type="stmt"/>
      <line num="6" count="2" type="stmt"/>
      <line num="7" count="2" type="stmt"/>
      <line num="8" count="2" type="stmt"/>
      <line num="10" count="2" type="stmt"/>
      <line num="34" count="2" type="stmt"/>
      <line num="37" count="155" type="stmt"/>
      <line num="41" count="155" type="stmt"/>
      <line num="46" count="2" type="stmt"/>
      <line num="47" count="6" type="stmt"/>
      <line num="49" count="6" type="stmt"/>
      <line num="53" count="2" type="stmt"/>
    </file>
    <file name="userServices.js" path="C:\personal\school\cal_poly\winter_2022\CSC308\projects\308-309_Project\backend\models\userServices.js">
      <metrics statements="81" coveredstatements="76" conditionals="36" coveredconditionals="35" methods="15" coveredmethods="15"/>
      <line num="1" count="1" type="stmt"/>
      <line num="2" count="1" type="stmt"/>
      <line num="3" count="1" type="stmt"/>
      <line num="5" count="1" type="stmt"/>
      <line num="6" count="1" type="stmt"/>
      <line num="9" count="1" type="stmt"/>
      <line num="14" count="95" type="cond" truecount="1" falsecount="1"/>
      <line num="15" count="0" type="stmt"/>
      <line num="20" count="95" type="stmt"/>
      <line num="24" count="1" type="stmt"/>
      <line num="25" count="1" type="stmt"/>
      <line num="30" count="21" type="cond" truecount="5" falsecount="0"/>
      <line num="31" count="2" type="stmt"/>
      <line num="34" count="19" type="stmt"/>
      <line num="36" count="19" type="stmt"/>
      <line num="38" count="19" type="stmt"/>
      <line num="40" count="19" type="stmt"/>
      <line num="43" count="19" type="stmt"/>
      <line num="50" count="19" type="stmt"/>
      <line num="52" count="19" type="stmt"/>
      <line num="54" count="19" type="stmt"/>
      <line num="55" count="19" type="stmt"/>
      <line num="56" count="17" type="stmt"/>
      <line num="58" count="2" type="stmt"/>
      <line num="59" count="2" type="stmt"/>
      <line num="65" count="19" type="cond" truecount="5" falsecount="0"/>
      <line num="66" count="4" type="stmt"/>
      <line num="69" count="15" type="stmt"/>
      <line num="70" count="15" type="cond" truecount="2" falsecount="0"/>
      <line num="71" count="14" type="stmt"/>
      <line num="72" count="14" type="cond" truecount="4" falsecount="0"/>
      <line num="73" count="10" type="stmt"/>
      <line num="75" count="4" type="cond" truecount="2" falsecount="0"/>
      <line num="76" count="3" type="stmt"/>
      <line num="77" count="3" type="cond" truecount="4" falsecount="0"/>
      <line num="78" count="1" type="stmt"/>
      <line num="80" count="2" type="stmt"/>
      <line num="83" count="1" type="stmt"/>
      <line num="87" count="1" type="stmt"/>
      <line num="93" count="4" type="stmt"/>
      <line num="94" count="4" type="stmt"/>
      <line num="96" count="4" type="stmt"/>
      <line num="97" count="4" type="stmt"/>
      <line num="98" count="4" type="stmt"/>
      <line num="100" count="0" type="stmt"/>
      <line num="101" count="0" type="stmt"/>
      <line num="107" count="1" type="stmt"/>
      <line num="108" count="1" type="stmt"/>
      <line num="110" count="1" type="stmt"/>
      <line num="115" count="5" type="stmt"/>
      <line num="116" count="5" type="stmt"/>
      <line num="117" count="5" type="cond" truecount="4" falsecount="0"/>
      <line num="118" count="1" type="stmt"/>
      <line num="119" count="4" type="cond" truecount="4" falsecount="0"/>
      <line num="120" count="2" type="stmt"/>
      <line num="122" count="2" type="stmt"/>
      <line num="125" count="0" type="stmt"/>
      <line num="126" count="0" type="stmt"/>
      <line num="131" count="23" type="stmt"/>
      <line num="132" count="23" type="stmt"/>
      <line num="136" count="16" type="stmt"/>
      <line num="137" count="16" type="stmt"/>
      <line num="142" count="6" type="cond" truecount="2" falsecount="0"/>
      <line num="143" count="4" type="stmt"/>
      <line num="144" count="4" type="stmt"/>
      <line num="145" count="4" type="stmt"/>
      <line num="148" count="2" type="stmt"/>
      <line num="152" count="5" type="stmt"/>
      <line num="153" count="5" type="cond" truecount="2" falsecount="0"/>
      <line num="154" count="2" type="stmt"/>
      <line num="156" count="3" type="stmt"/>
      <line num="160" count="1" type="stmt"/>
      <line num="161" count="1" type="stmt"/>
      <line num="162" count="1" type="stmt"/>
      <line num="163" count="1" type="stmt"/>
      <line num="164" count="1" type="stmt"/>
      <line num="165" count="1" type="stmt"/>
      <line num="166" count="1" type="stmt"/>
      <line num="167" count="1" type="stmt"/>
      <line num="168" count="1" type="stmt"/>
      <line num="169" count="1" type="stmt"/>
    </file>
  </project>
</coverage>
