{"C:\\personal\\tech\\308-309_Project\\backend\\models\\sport\\leagueService.js": {"path":"C:\\personal\\tech\\308-309_Project\\backend\\models\\sport\\leagueService.js","statementMap":{"0":{"start":{"line":1,"column":14},"end":{"line":1,"column":30}},"1":{"start":{"line":5,"column":8},"end":{"line":5,"column":25}},"2":{"start":{"line":9,"column":26},"end":{"line":9,"column":41}},"3":{"start":{"line":10,"column":21},"end":{"line":10,"column":33}},"4":{"start":{"line":11,"column":24},"end":{"line":11,"column":47}},"5":{"start":{"line":12,"column":23},"end":{"line":12,"column":46}},"6":{"start":{"line":13,"column":21},"end":{"line":13,"column":54}},"7":{"start":{"line":14,"column":20},"end":{"line":14,"column":40}},"8":{"start":{"line":15,"column":18},"end":{"line":15,"column":28}},"9":{"start":{"line":16,"column":8},"end":{"line":16,"column":100}},"10":{"start":{"line":20,"column":29},"end":{"line":20,"column":64}},"11":{"start":{"line":21,"column":27},"end":{"line":21,"column":82}},"12":{"start":{"line":22,"column":23},"end":{"line":22,"column":57}},"13":{"start":{"line":23,"column":22},"end":{"line":23,"column":32}},"14":{"start":{"line":24,"column":8},"end":{"line":24,"column":48}},"15":{"start":{"line":25,"column":28},"end":{"line":25,"column":50}},"16":{"start":{"line":27,"column":8},"end":{"line":33,"column":9}},"17":{"start":{"line":28,"column":26},"end":{"line":28,"column":83}},"18":{"start":{"line":30,"column":12},"end":{"line":30,"column":68}},"19":{"start":{"line":32,"column":12},"end":{"line":32,"column":29}},"20":{"start":{"line":37,"column":19},"end":{"line":37,"column":35}},"21":{"start":{"line":38,"column":8},"end":{"line":47,"column":9}},"22":{"start":{"line":39,"column":30},"end":{"line":39,"column":80}},"23":{"start":{"line":40,"column":12},"end":{"line":44,"column":13}},"24":{"start":{"line":41,"column":16},"end":{"line":41,"column":67}},"25":{"start":{"line":43,"column":16},"end":{"line":43,"column":77}},"26":{"start":{"line":46,"column":12},"end":{"line":46,"column":29}},"27":{"start":{"line":51,"column":8},"end":{"line":51,"column":65}},"28":{"start":{"line":54,"column":8},"end":{"line":54,"column":65}},"29":{"start":{"line":58,"column":8},"end":{"line":60,"column":52}},"30":{"start":{"line":64,"column":8},"end":{"line":64,"column":65}},"31":{"start":{"line":67,"column":8},"end":{"line":67,"column":65}},"32":{"start":{"line":71,"column":0},"end":{"line":71,"column":38}}},"fnMap":{"0":{"name":"(anonymous_0)","decl":{"start":{"line":4,"column":4},"end":{"line":4,"column":5}},"loc":{"start":{"line":4,"column":22},"end":{"line":6,"column":5}},"line":4},"1":{"name":"(anonymous_1)","decl":{"start":{"line":8,"column":4},"end":{"line":8,"column":5}},"loc":{"start":{"line":8,"column":19},"end":{"line":17,"column":5}},"line":8},"2":{"name":"(anonymous_2)","decl":{"start":{"line":19,"column":4},"end":{"line":19,"column":5}},"loc":{"start":{"line":19,"column":29},"end":{"line":34,"column":5}},"line":19},"3":{"name":"(anonymous_3)","decl":{"start":{"line":36,"column":4},"end":{"line":36,"column":5}},"loc":{"start":{"line":36,"column":33},"end":{"line":48,"column":5}},"line":36},"4":{"name":"(anonymous_4)","decl":{"start":{"line":50,"column":4},"end":{"line":50,"column":5}},"loc":{"start":{"line":50,"column":40},"end":{"line":52,"column":5}},"line":50},"5":{"name":"(anonymous_5)","decl":{"start":{"line":53,"column":4},"end":{"line":53,"column":5}},"loc":{"start":{"line":53,"column":33},"end":{"line":55,"column":5}},"line":53},"6":{"name":"(anonymous_6)","decl":{"start":{"line":57,"column":4},"end":{"line":57,"column":5}},"loc":{"start":{"line":57,"column":20},"end":{"line":61,"column":5}},"line":57},"7":{"name":"(anonymous_7)","decl":{"start":{"line":63,"column":4},"end":{"line":63,"column":5}},"loc":{"start":{"line":63,"column":40},"end":{"line":65,"column":5}},"line":63},"8":{"name":"(anonymous_8)","decl":{"start":{"line":66,"column":4},"end":{"line":66,"column":5}},"loc":{"start":{"line":66,"column":38},"end":{"line":68,"column":5}},"line":66}},"branchMap":{"0":{"loc":{"start":{"line":12,"column":23},"end":{"line":12,"column":46}},"type":"cond-expr","locations":[{"start":{"line":12,"column":41},"end":{"line":12,"column":42}},{"start":{"line":12,"column":44},"end":{"line":12,"column":46}}],"line":12},"1":{"loc":{"start":{"line":21,"column":27},"end":{"line":21,"column":82}},"type":"cond-expr","locations":[{"start":{"line":21,"column":56},"end":{"line":21,"column":57}},{"start":{"line":21,"column":60},"end":{"line":21,"column":82}}],"line":21},"2":{"loc":{"start":{"line":22,"column":23},"end":{"line":22,"column":57}},"type":"cond-expr","locations":[{"start":{"line":22,"column":43},"end":{"line":22,"column":44}},{"start":{"line":22,"column":47},"end":{"line":22,"column":57}}],"line":22},"3":{"loc":{"start":{"line":40,"column":12},"end":{"line":44,"column":13}},"type":"if","locations":[{"start":{"line":40,"column":12},"end":{"line":44,"column":13}},{"start":{"line":42,"column":19},"end":{"line":44,"column":13}}],"line":40}},"s":{"0":2,"1":10,"2":1,"3":1,"4":1,"5":1,"6":1,"7":1,"8":1,"9":1,"10":0,"11":0,"12":0,"13":0,"14":0,"15":0,"16":0,"17":0,"18":0,"19":0,"20":0,"21":0,"22":0,"23":0,"24":0,"25":0,"26":0,"27":1,"28":1,"29":1,"30":1,"31":1,"32":2},"f":{"0":10,"1":1,"2":0,"3":0,"4":1,"5":1,"6":1,"7":1,"8":1},"b":{"0":[0,1],"1":[0,0],"2":[0,0],"3":[0,0]},"_coverageSchema":"1a1c01bbd47fc00a2c39e90264f33305004495a9","hash":"0db125994c32b2ebb650f8e22f79cdb139b2ae81"}
,"C:\\personal\\tech\\308-309_Project\\backend\\models\\sport\\nhlServices.js": {"path":"C:\\personal\\tech\\308-309_Project\\backend\\models\\sport\\nhlServices.js","statementMap":{"0":{"start":{"line":1,"column":15},"end":{"line":1,"column":41}},"1":{"start":{"line":2,"column":14},"end":{"line":2,"column":30}},"2":{"start":{"line":7,"column":8},"end":{"line":7,"column":20}},"3":{"start":{"line":11,"column":8},"end":{"line":11,"column":143}},"4":{"start":{"line":15,"column":8},"end":{"line":15,"column":66}},"5":{"start":{"line":19,"column":8},"end":{"line":19,"column":47}},"6":{"start":{"line":23,"column":21},"end":{"line":23,"column":54}},"7":{"start":{"line":24,"column":30},"end":{"line":24,"column":105}},"8":{"start":{"line":25,"column":8},"end":{"line":25,"column":89}},"9":{"start":{"line":29,"column":8},"end":{"line":34,"column":9}},"10":{"start":{"line":30,"column":25},"end":{"line":30,"column":71}},"11":{"start":{"line":31,"column":12},"end":{"line":31,"column":52}},"12":{"start":{"line":33,"column":12},"end":{"line":33,"column":27}},"13":{"start":{"line":38,"column":21},"end":{"line":38,"column":81}},"14":{"start":{"line":38,"column":59},"end":{"line":38,"column":80}},"15":{"start":{"line":39,"column":8},"end":{"line":41,"column":9}},"16":{"start":{"line":40,"column":12},"end":{"line":40,"column":19}},"17":{"start":{"line":42,"column":22},"end":{"line":42,"column":35}},"18":{"start":{"line":44,"column":26},"end":{"line":44,"column":28}},"19":{"start":{"line":46,"column":8},"end":{"line":66,"column":9}},"20":{"start":{"line":46,"column":21},"end":{"line":46,"column":22}},"21":{"start":{"line":47,"column":25},"end":{"line":47,"column":33}},"22":{"start":{"line":48,"column":29},"end":{"line":48,"column":31}},"23":{"start":{"line":49,"column":33},"end":{"line":49,"column":68}},"24":{"start":{"line":50,"column":12},"end":{"line":50,"column":73}},"25":{"start":{"line":51,"column":12},"end":{"line":51,"column":45}},"26":{"start":{"line":52,"column":12},"end":{"line":52,"column":48}},"27":{"start":{"line":53,"column":12},"end":{"line":53,"column":45}},"28":{"start":{"line":54,"column":12},"end":{"line":54,"column":50}},"29":{"start":{"line":55,"column":12},"end":{"line":55,"column":32}},"30":{"start":{"line":56,"column":12},"end":{"line":56,"column":54}},"31":{"start":{"line":57,"column":12},"end":{"line":57,"column":56}},"32":{"start":{"line":58,"column":12},"end":{"line":58,"column":113}},"33":{"start":{"line":59,"column":12},"end":{"line":59,"column":65}},"34":{"start":{"line":60,"column":12},"end":{"line":60,"column":54}},"35":{"start":{"line":61,"column":12},"end":{"line":61,"column":56}},"36":{"start":{"line":62,"column":12},"end":{"line":62,"column":113}},"37":{"start":{"line":63,"column":12},"end":{"line":63,"column":65}},"38":{"start":{"line":64,"column":12},"end":{"line":64,"column":50}},"39":{"start":{"line":65,"column":12},"end":{"line":65,"column":37}},"40":{"start":{"line":67,"column":8},"end":{"line":69,"column":10}},"41":{"start":{"line":73,"column":22},"end":{"line":73,"column":46}},"42":{"start":{"line":74,"column":21},"end":{"line":74,"column":22}},"43":{"start":{"line":75,"column":22},"end":{"line":75,"column":23}},"44":{"start":{"line":76,"column":8},"end":{"line":82,"column":9}},"45":{"start":{"line":77,"column":12},"end":{"line":77,"column":21}},"46":{"start":{"line":78,"column":15},"end":{"line":82,"column":9}},"47":{"start":{"line":79,"column":12},"end":{"line":79,"column":21}},"48":{"start":{"line":81,"column":12},"end":{"line":81,"column":21}},"49":{"start":{"line":86,"column":25},"end":{"line":86,"column":27}},"50":{"start":{"line":87,"column":21},"end":{"line":87,"column":44}},"51":{"start":{"line":88,"column":8},"end":{"line":102,"column":11}},"52":{"start":{"line":89,"column":29},"end":{"line":89,"column":67}},"53":{"start":{"line":90,"column":28},"end":{"line":90,"column":56}},"54":{"start":{"line":91,"column":12},"end":{"line":101,"column":15}},"55":{"start":{"line":92,"column":38},"end":{"line":92,"column":40}},"56":{"start":{"line":93,"column":16},"end":{"line":93,"column":63}},"57":{"start":{"line":94,"column":16},"end":{"line":94,"column":57}},"58":{"start":{"line":95,"column":16},"end":{"line":95,"column":40}},"59":{"start":{"line":96,"column":16},"end":{"line":96,"column":52}},"60":{"start":{"line":97,"column":16},"end":{"line":97,"column":68}},"61":{"start":{"line":98,"column":16},"end":{"line":98,"column":73}},"62":{"start":{"line":99,"column":16},"end":{"line":99,"column":77}},"63":{"start":{"line":100,"column":16},"end":{"line":100,"column":61}},"64":{"start":{"line":103,"column":8},"end":{"line":105,"column":10}},"65":{"start":{"line":191,"column":0},"end":{"line":191,"column":32}}},"fnMap":{"0":{"name":"(anonymous_0)","decl":{"start":{"line":6,"column":4},"end":{"line":6,"column":5}},"loc":{"start":{"line":6,"column":22},"end":{"line":8,"column":5}},"line":6},"1":{"name":"(anonymous_1)","decl":{"start":{"line":10,"column":4},"end":{"line":10,"column":5}},"loc":{"start":{"line":10,"column":21},"end":{"line":12,"column":5}},"line":10},"2":{"name":"(anonymous_2)","decl":{"start":{"line":14,"column":4},"end":{"line":14,"column":5}},"loc":{"start":{"line":14,"column":34},"end":{"line":16,"column":5}},"line":14},"3":{"name":"(anonymous_3)","decl":{"start":{"line":18,"column":4},"end":{"line":18,"column":5}},"loc":{"start":{"line":18,"column":27},"end":{"line":20,"column":5}},"line":18},"4":{"name":"(anonymous_4)","decl":{"start":{"line":22,"column":4},"end":{"line":22,"column":5}},"loc":{"start":{"line":22,"column":42},"end":{"line":26,"column":5}},"line":22},"5":{"name":"(anonymous_5)","decl":{"start":{"line":28,"column":4},"end":{"line":28,"column":5}},"loc":{"start":{"line":28,"column":36},"end":{"line":35,"column":5}},"line":28},"6":{"name":"(anonymous_6)","decl":{"start":{"line":37,"column":4},"end":{"line":37,"column":5}},"loc":{"start":{"line":37,"column":40},"end":{"line":70,"column":5}},"line":37},"7":{"name":"(anonymous_7)","decl":{"start":{"line":38,"column":48},"end":{"line":38,"column":49}},"loc":{"start":{"line":38,"column":59},"end":{"line":38,"column":80}},"line":38},"8":{"name":"(anonymous_8)","decl":{"start":{"line":72,"column":4},"end":{"line":72,"column":5}},"loc":{"start":{"line":72,"column":30},"end":{"line":83,"column":5}},"line":72},"9":{"name":"(anonymous_9)","decl":{"start":{"line":85,"column":4},"end":{"line":85,"column":5}},"loc":{"start":{"line":85,"column":38},"end":{"line":106,"column":5}},"line":85},"10":{"name":"(anonymous_10)","decl":{"start":{"line":88,"column":21},"end":{"line":88,"column":22}},"loc":{"start":{"line":88,"column":47},"end":{"line":102,"column":9}},"line":88},"11":{"name":"(anonymous_11)","decl":{"start":{"line":91,"column":28},"end":{"line":91,"column":29}},"loc":{"start":{"line":91,"column":50},"end":{"line":101,"column":13}},"line":91}},"branchMap":{"0":{"loc":{"start":{"line":39,"column":8},"end":{"line":41,"column":9}},"type":"if","locations":[{"start":{"line":39,"column":8},"end":{"line":41,"column":9}},{"start":{},"end":{}}],"line":39},"1":{"loc":{"start":{"line":76,"column":8},"end":{"line":82,"column":9}},"type":"if","locations":[{"start":{"line":76,"column":8},"end":{"line":82,"column":9}},{"start":{"line":78,"column":15},"end":{"line":82,"column":9}}],"line":76},"2":{"loc":{"start":{"line":78,"column":15},"end":{"line":82,"column":9}},"type":"if","locations":[{"start":{"line":78,"column":15},"end":{"line":82,"column":9}},{"start":{"line":80,"column":15},"end":{"line":82,"column":9}}],"line":78}},"s":{"0":1,"1":1,"2":1,"3":0,"4":0,"5":0,"6":1,"7":1,"8":1,"9":0,"10":0,"11":0,"12":0,"13":0,"14":0,"15":0,"16":0,"17":0,"18":0,"19":0,"20":0,"21":0,"22":0,"23":0,"24":0,"25":0,"26":0,"27":0,"28":0,"29":0,"30":0,"31":0,"32":0,"33":0,"34":0,"35":0,"36":0,"37":0,"38":0,"39":0,"40":0,"41":0,"42":0,"43":0,"44":0,"45":0,"46":0,"47":0,"48":0,"49":0,"50":0,"51":0,"52":0,"53":0,"54":0,"55":0,"56":0,"57":0,"58":0,"59":0,"60":0,"61":0,"62":0,"63":0,"64":0,"65":1},"f":{"0":1,"1":0,"2":0,"3":0,"4":1,"5":0,"6":0,"7":0,"8":0,"9":0,"10":0,"11":0},"b":{"0":[0,0],"1":[0,0],"2":[0,0]},"_coverageSchema":"1a1c01bbd47fc00a2c39e90264f33305004495a9","hash":"a2e79b13996dec62f616d6a9c33a76e23c6a435d"}
,"C:\\personal\\tech\\308-309_Project\\backend\\models\\sport\\sportInfoServices.js": {"path":"C:\\personal\\tech\\308-309_Project\\backend\\models\\sport\\sportInfoServices.js","statementMap":{"0":{"start":{"line":1,"column":17},"end":{"line":1,"column":36}},"1":{"start":{"line":2,"column":15},"end":{"line":2,"column":39}},"2":{"start":{"line":6,"column":16},"end":{"line":6,"column":106}},"3":{"start":{"line":7,"column":4},"end":{"line":12,"column":5}},"4":{"start":{"line":8,"column":8},"end":{"line":11,"column":11}},"5":{"start":{"line":13,"column":4},"end":{"line":13,"column":24}},"6":{"start":{"line":17,"column":4},"end":{"line":17,"column":27}},"7":{"start":{"line":18,"column":4},"end":{"line":18,"column":24}},"8":{"start":{"line":22,"column":23},"end":{"line":22,"column":70}},"9":{"start":{"line":23,"column":4},"end":{"line":28,"column":5}},"10":{"start":{"line":24,"column":8},"end":{"line":24,"column":33}},"11":{"start":{"line":26,"column":8},"end":{"line":26,"column":27}},"12":{"start":{"line":27,"column":8},"end":{"line":27,"column":21}},"13":{"start":{"line":32,"column":23},"end":{"line":32,"column":70}},"14":{"start":{"line":33,"column":4},"end":{"line":38,"column":5}},"15":{"start":{"line":34,"column":8},"end":{"line":34,"column":81}},"16":{"start":{"line":36,"column":8},"end":{"line":36,"column":27}},"17":{"start":{"line":37,"column":8},"end":{"line":37,"column":21}},"18":{"start":{"line":42,"column":4},"end":{"line":52,"column":5}},"19":{"start":{"line":43,"column":27},"end":{"line":43,"column":48}},"20":{"start":{"line":45,"column":8},"end":{"line":47,"column":9}},"21":{"start":{"line":46,"column":12},"end":{"line":46,"column":36}},"22":{"start":{"line":48,"column":8},"end":{"line":48,"column":21}},"23":{"start":{"line":50,"column":8},"end":{"line":50,"column":27}},"24":{"start":{"line":51,"column":8},"end":{"line":51,"column":21}},"25":{"start":{"line":57,"column":19},"end":{"line":57,"column":36}},"26":{"start":{"line":58,"column":4},"end":{"line":61,"column":30}},"27":{"start":{"line":59,"column":8},"end":{"line":59,"column":37}},"28":{"start":{"line":61,"column":8},"end":{"line":61,"column":30}},"29":{"start":{"line":66,"column":18},"end":{"line":66,"column":63}},"30":{"start":{"line":67,"column":15},"end":{"line":67,"column":36}},"31":{"start":{"line":68,"column":4},"end":{"line":71,"column":30}},"32":{"start":{"line":69,"column":8},"end":{"line":69,"column":33}},"33":{"start":{"line":71,"column":8},"end":{"line":71,"column":30}},"34":{"start":{"line":75,"column":18},"end":{"line":75,"column":63}},"35":{"start":{"line":76,"column":18},"end":{"line":76,"column":39}},"36":{"start":{"line":77,"column":4},"end":{"line":80,"column":30}},"37":{"start":{"line":78,"column":8},"end":{"line":78,"column":36}},"38":{"start":{"line":80,"column":8},"end":{"line":80,"column":30}},"39":{"start":{"line":83,"column":0},"end":{"line":83,"column":30}},"40":{"start":{"line":84,"column":0},"end":{"line":84,"column":28}},"41":{"start":{"line":85,"column":0},"end":{"line":85,"column":28}},"42":{"start":{"line":86,"column":0},"end":{"line":86,"column":44}},"43":{"start":{"line":87,"column":0},"end":{"line":87,"column":42}},"44":{"start":{"line":88,"column":0},"end":{"line":88,"column":42}},"45":{"start":{"line":89,"column":0},"end":{"line":89,"column":38}}},"fnMap":{"0":{"name":"getDbConnection","decl":{"start":{"line":5,"column":9},"end":{"line":5,"column":24}},"loc":{"start":{"line":5,"column":27},"end":{"line":14,"column":1}},"line":5},"1":{"name":"setConnection","decl":{"start":{"line":16,"column":9},"end":{"line":16,"column":22}},"loc":{"start":{"line":16,"column":31},"end":{"line":19,"column":3}},"line":16},"2":{"name":"getSports","decl":{"start":{"line":21,"column":15},"end":{"line":21,"column":24}},"loc":{"start":{"line":21,"column":27},"end":{"line":29,"column":1}},"line":21},"3":{"name":"getSport","decl":{"start":{"line":31,"column":15},"end":{"line":31,"column":23}},"loc":{"start":{"line":31,"column":31},"end":{"line":39,"column":1}},"line":31},"4":{"name":"getTeams","decl":{"start":{"line":41,"column":15},"end":{"line":41,"column":23}},"loc":{"start":{"line":41,"column":31},"end":{"line":53,"column":1}},"line":41},"5":{"name":"getSportsRequest","decl":{"start":{"line":56,"column":15},"end":{"line":56,"column":31}},"loc":{"start":{"line":56,"column":42},"end":{"line":62,"column":1}},"line":56},"6":{"name":"getSportRequest","decl":{"start":{"line":65,"column":15},"end":{"line":65,"column":30}},"loc":{"start":{"line":65,"column":41},"end":{"line":72,"column":1}},"line":65},"7":{"name":"getTeamsRequest","decl":{"start":{"line":74,"column":15},"end":{"line":74,"column":30}},"loc":{"start":{"line":74,"column":41},"end":{"line":81,"column":1}},"line":74}},"branchMap":{"0":{"loc":{"start":{"line":7,"column":4},"end":{"line":12,"column":5}},"type":"if","locations":[{"start":{"line":7,"column":4},"end":{"line":12,"column":5}},{"start":{},"end":{}}],"line":7},"1":{"loc":{"start":{"line":45,"column":8},"end":{"line":47,"column":9}},"type":"if","locations":[{"start":{"line":45,"column":8},"end":{"line":47,"column":9}},{"start":{},"end":{}}],"line":45},"2":{"loc":{"start":{"line":58,"column":4},"end":{"line":61,"column":30}},"type":"if","locations":[{"start":{"line":58,"column":4},"end":{"line":61,"column":30}},{"start":{"line":61,"column":8},"end":{"line":61,"column":30}}],"line":58},"3":{"loc":{"start":{"line":68,"column":4},"end":{"line":71,"column":30}},"type":"if","locations":[{"start":{"line":68,"column":4},"end":{"line":71,"column":30}},{"start":{"line":71,"column":8},"end":{"line":71,"column":30}}],"line":68},"4":{"loc":{"start":{"line":77,"column":4},"end":{"line":80,"column":30}},"type":"if","locations":[{"start":{"line":77,"column":4},"end":{"line":80,"column":30}},{"start":{"line":80,"column":8},"end":{"line":80,"column":30}}],"line":77}},"s":{"0":1,"1":1,"2":5,"3":5,"4":0,"5":5,"6":1,"7":1,"8":1,"9":1,"10":1,"11":0,"12":0,"13":4,"14":4,"15":4,"16":0,"17":0,"18":2,"19":2,"20":2,"21":1,"22":1,"23":0,"24":0,"25":0,"26":0,"27":0,"28":0,"29":0,"30":0,"31":0,"32":0,"33":0,"34":0,"35":0,"36":0,"37":0,"38":0,"39":1,"40":1,"41":1,"42":1,"43":1,"44":1,"45":1},"f":{"0":5,"1":1,"2":1,"3":4,"4":2,"5":0,"6":0,"7":0},"b":{"0":[0,5],"1":[1,1],"2":[0,0],"3":[0,0],"4":[0,0]},"_coverageSchema":"1a1c01bbd47fc00a2c39e90264f33305004495a9","hash":"eadd28e32b893762e6ab2f4080ad91c8a89001f2"}
,"C:\\personal\\tech\\308-309_Project\\backend\\models\\sport\\sportSchema.js": {"path":"C:\\personal\\tech\\308-309_Project\\backend\\models\\sport\\sportSchema.js","statementMap":{"0":{"start":{"line":1,"column":17},"end":{"line":1,"column":36}},"1":{"start":{"line":2,"column":15},"end":{"line":2,"column":32}},"2":{"start":{"line":3,"column":0},"end":{"line":3,"column":16}},"3":{"start":{"line":5,"column":20},"end":{"line":17,"column":1}},"4":{"start":{"line":19,"column":15},"end":{"line":19,"column":69}}},"fnMap":{},"branchMap":{},"s":{"0":1,"1":1,"2":1,"3":1,"4":1},"f":{},"b":{},"_coverageSchema":"1a1c01bbd47fc00a2c39e90264f33305004495a9","hash":"866bc2f63128bc61fa24053d6a43792935806846"}
,"C:\\personal\\tech\\308-309_Project\\backend\\models\\user\\prefSchema.js": {"path":"C:\\personal\\tech\\308-309_Project\\backend\\models\\user\\prefSchema.js","statementMap":{"0":{"start":{"line":1,"column":17},"end":{"line":1,"column":36}},"1":{"start":{"line":2,"column":19},"end":{"line":2,"column":27}},"2":{"start":{"line":4,"column":20},"end":{"line":54,"column":1}},"3":{"start":{"line":56,"column":13},"end":{"line":56,"column":65}}},"fnMap":{},"branchMap":{},"s":{"0":2,"1":2,"2":2,"3":2},"f":{},"b":{},"_coverageSchema":"1a1c01bbd47fc00a2c39e90264f33305004495a9","hash":"2227c1ad051429d569996c35ea86252083c669af"}
,"C:\\personal\\tech\\308-309_Project\\backend\\models\\user\\userSchema.js": {"path":"C:\\personal\\tech\\308-309_Project\\backend\\models\\user\\userSchema.js","statementMap":{"0":{"start":{"line":1,"column":17},"end":{"line":1,"column":36}},"1":{"start":{"line":2,"column":19},"end":{"line":2,"column":27}},"2":{"start":{"line":4,"column":13},"end":{"line":4,"column":36}},"3":{"start":{"line":6,"column":13},"end":{"line":6,"column":30}},"4":{"start":{"line":7,"column":15},"end":{"line":7,"column":32}},"5":{"start":{"line":8,"column":0},"end":{"line":8,"column":16}},"6":{"start":{"line":10,"column":19},"end":{"line":32,"column":1}},"7":{"start":{"line":34,"column":0},"end":{"line":41,"column":2}},"8":{"start":{"line":36,"column":4},"end":{"line":36,"column":55}},"9":{"start":{"line":39,"column":4},"end":{"line":40,"column":40}},"10":{"start":{"line":44,"column":0},"end":{"line":49,"column":2}},"11":{"start":{"line":45,"column":15},"end":{"line":46,"column":50}},"12":{"start":{"line":48,"column":4},"end":{"line":48,"column":30}},"13":{"start":{"line":52,"column":13},"end":{"line":52,"column":64}}},"fnMap":{"0":{"name":"(anonymous_0)","decl":{"start":{"line":34,"column":33},"end":{"line":34,"column":34}},"loc":{"start":{"line":34,"column":52},"end":{"line":41,"column":1}},"line":34},"1":{"name":"(anonymous_1)","decl":{"start":{"line":44,"column":35},"end":{"line":44,"column":36}},"loc":{"start":{"line":44,"column":54},"end":{"line":49,"column":1}},"line":44}},"branchMap":{},"s":{"0":2,"1":2,"2":2,"3":2,"4":2,"5":2,"6":2,"7":2,"8":2,"9":2,"10":2,"11":1,"12":1,"13":2},"f":{"0":2,"1":1},"b":{},"_coverageSchema":"1a1c01bbd47fc00a2c39e90264f33305004495a9","hash":"39f25c890aa59fdeae8ef8ecc9a631054064a1d4"}
,"C:\\personal\\tech\\308-309_Project\\backend\\models\\user\\userServices.js": {"path":"C:\\personal\\tech\\308-309_Project\\backend\\models\\user\\userServices.js","statementMap":{"0":{"start":{"line":1,"column":15},"end":{"line":1,"column":34}},"1":{"start":{"line":2,"column":13},"end":{"line":2,"column":36}},"2":{"start":{"line":3,"column":13},"end":{"line":3,"column":36}},"3":{"start":{"line":5,"column":15},"end":{"line":5,"column":32}},"4":{"start":{"line":6,"column":14},"end":{"line":6,"column":30}},"5":{"start":{"line":9,"column":0},"end":{"line":9,"column":16}},"6":{"start":{"line":14,"column":4},"end":{"line":19,"column":5}},"7":{"start":{"line":15,"column":8},"end":{"line":18,"column":11}},"8":{"start":{"line":20,"column":4},"end":{"line":20,"column":24}},"9":{"start":{"line":24,"column":4},"end":{"line":24,"column":27}},"10":{"start":{"line":25,"column":4},"end":{"line":25,"column":24}},"11":{"start":{"line":31,"column":22},"end":{"line":31,"column":66}},"12":{"start":{"line":33,"column":22},"end":{"line":33,"column":66}},"13":{"start":{"line":35,"column":4},"end":{"line":58,"column":5}},"14":{"start":{"line":37,"column":24},"end":{"line":37,"column":43}},"15":{"start":{"line":40,"column":24},"end":{"line":45,"column":10}},"16":{"start":{"line":47,"column":8},"end":{"line":47,"column":40}},"17":{"start":{"line":49,"column":8},"end":{"line":49,"column":31}},"18":{"start":{"line":51,"column":8},"end":{"line":51,"column":45}},"19":{"start":{"line":52,"column":26},"end":{"line":52,"column":48}},"20":{"start":{"line":53,"column":8},"end":{"line":53,"column":25}},"21":{"start":{"line":56,"column":8},"end":{"line":56,"column":27}},"22":{"start":{"line":57,"column":8},"end":{"line":57,"column":21}},"23":{"start":{"line":63,"column":4},"end":{"line":83,"column":8}},"24":{"start":{"line":64,"column":8},"end":{"line":80,"column":9}},"25":{"start":{"line":65,"column":12},"end":{"line":79,"column":15}},"26":{"start":{"line":66,"column":16},"end":{"line":76,"column":17}},"27":{"start":{"line":67,"column":20},"end":{"line":67,"column":32}},"28":{"start":{"line":69,"column":21},"end":{"line":76,"column":17}},"29":{"start":{"line":70,"column":20},"end":{"line":75,"column":22}},"30":{"start":{"line":71,"column":24},"end":{"line":73,"column":25}},"31":{"start":{"line":72,"column":28},"end":{"line":72,"column":40}},"32":{"start":{"line":74,"column":24},"end":{"line":74,"column":37}},"33":{"start":{"line":77,"column":16},"end":{"line":77,"column":29}},"34":{"start":{"line":81,"column":8},"end":{"line":81,"column":21}},"35":{"start":{"line":87,"column":22},"end":{"line":87,"column":66}},"36":{"start":{"line":88,"column":22},"end":{"line":88,"column":66}},"37":{"start":{"line":90,"column":4},"end":{"line":96,"column":5}},"38":{"start":{"line":91,"column":22},"end":{"line":91,"column":102}},"39":{"start":{"line":92,"column":8},"end":{"line":92,"column":37}},"40":{"start":{"line":94,"column":8},"end":{"line":94,"column":27}},"41":{"start":{"line":95,"column":8},"end":{"line":95,"column":21}},"42":{"start":{"line":101,"column":22},"end":{"line":101,"column":66}},"43":{"start":{"line":102,"column":17},"end":{"line":102,"column":47}},"44":{"start":{"line":104,"column":4},"end":{"line":104,"column":89}},"45":{"start":{"line":108,"column":22},"end":{"line":108,"column":66}},"46":{"start":{"line":109,"column":4},"end":{"line":109,"column":46}},"47":{"start":{"line":113,"column":22},"end":{"line":113,"column":66}},"48":{"start":{"line":114,"column":4},"end":{"line":114,"column":44}},"49":{"start":{"line":119,"column":4},"end":{"line":126,"column":5}},"50":{"start":{"line":120,"column":18},"end":{"line":120,"column":49}},"51":{"start":{"line":121,"column":26},"end":{"line":121,"column":70}},"52":{"start":{"line":122,"column":8},"end":{"line":122,"column":44}},"53":{"start":{"line":125,"column":8},"end":{"line":125,"column":25}},"54":{"start":{"line":129,"column":4},"end":{"line":134,"column":8}},"55":{"start":{"line":130,"column":8},"end":{"line":132,"column":9}},"56":{"start":{"line":131,"column":12},"end":{"line":131,"column":58}},"57":{"start":{"line":133,"column":8},"end":{"line":133,"column":21}},"58":{"start":{"line":137,"column":0},"end":{"line":137,"column":32}},"59":{"start":{"line":138,"column":0},"end":{"line":138,"column":48}},"60":{"start":{"line":139,"column":0},"end":{"line":139,"column":48}},"61":{"start":{"line":140,"column":0},"end":{"line":140,"column":36}},"62":{"start":{"line":141,"column":0},"end":{"line":141,"column":48}},"63":{"start":{"line":142,"column":0},"end":{"line":142,"column":42}},"64":{"start":{"line":143,"column":0},"end":{"line":143,"column":38}},"65":{"start":{"line":144,"column":0},"end":{"line":144,"column":28}},"66":{"start":{"line":145,"column":0},"end":{"line":145,"column":22}}},"fnMap":{"0":{"name":"getDbConnection","decl":{"start":{"line":13,"column":9},"end":{"line":13,"column":24}},"loc":{"start":{"line":13,"column":27},"end":{"line":21,"column":1}},"line":13},"1":{"name":"setConnection","decl":{"start":{"line":23,"column":9},"end":{"line":23,"column":22}},"loc":{"start":{"line":23,"column":31},"end":{"line":26,"column":3}},"line":23},"2":{"name":"signUpUser","decl":{"start":{"line":29,"column":15},"end":{"line":29,"column":25}},"loc":{"start":{"line":29,"column":32},"end":{"line":59,"column":1}},"line":29},"3":{"name":"validate","decl":{"start":{"line":61,"column":15},"end":{"line":61,"column":23}},"loc":{"start":{"line":61,"column":27},"end":{"line":84,"column":1}},"line":61},"4":{"name":"(anonymous_4)","decl":{"start":{"line":63,"column":54},"end":{"line":63,"column":55}},"loc":{"start":{"line":63,"column":63},"end":{"line":83,"column":5}},"line":63},"5":{"name":"(anonymous_5)","decl":{"start":{"line":65,"column":49},"end":{"line":65,"column":50}},"loc":{"start":{"line":65,"column":59},"end":{"line":79,"column":13}},"line":65},"6":{"name":"(anonymous_6)","decl":{"start":{"line":70,"column":53},"end":{"line":70,"column":54}},"loc":{"start":{"line":70,"column":64},"end":{"line":75,"column":21}},"line":70},"7":{"name":"getUserPreferences","decl":{"start":{"line":86,"column":15},"end":{"line":86,"column":33}},"loc":{"start":{"line":86,"column":40},"end":{"line":97,"column":1}},"line":86},"8":{"name":"setUserPreferences","decl":{"start":{"line":100,"column":15},"end":{"line":100,"column":33}},"loc":{"start":{"line":100,"column":50},"end":{"line":105,"column":1}},"line":100},"9":{"name":"findUserByUsername","decl":{"start":{"line":107,"column":15},"end":{"line":107,"column":33}},"loc":{"start":{"line":107,"column":39},"end":{"line":110,"column":1}},"line":107},"10":{"name":"findUserByEmail","decl":{"start":{"line":112,"column":15},"end":{"line":112,"column":30}},"loc":{"start":{"line":112,"column":37},"end":{"line":115,"column":1}},"line":112},"11":{"name":"findUserById","decl":{"start":{"line":117,"column":15},"end":{"line":117,"column":27}},"loc":{"start":{"line":117,"column":31},"end":{"line":127,"column":1}},"line":117},"12":{"name":"login","decl":{"start":{"line":128,"column":15},"end":{"line":128,"column":20}},"loc":{"start":{"line":128,"column":26},"end":{"line":135,"column":1}},"line":128},"13":{"name":"(anonymous_13)","decl":{"start":{"line":129,"column":57},"end":{"line":129,"column":58}},"loc":{"start":{"line":129,"column":66},"end":{"line":134,"column":5}},"line":129}},"branchMap":{"0":{"loc":{"start":{"line":14,"column":4},"end":{"line":19,"column":5}},"type":"if","locations":[{"start":{"line":14,"column":4},"end":{"line":19,"column":5}},{"start":{},"end":{}}],"line":14},"1":{"loc":{"start":{"line":64,"column":8},"end":{"line":80,"column":9}},"type":"if","locations":[{"start":{"line":64,"column":8},"end":{"line":80,"column":9}},{"start":{},"end":{}}],"line":64},"2":{"loc":{"start":{"line":66,"column":16},"end":{"line":76,"column":17}},"type":"if","locations":[{"start":{"line":66,"column":16},"end":{"line":76,"column":17}},{"start":{"line":69,"column":21},"end":{"line":76,"column":17}}],"line":66},"3":{"loc":{"start":{"line":66,"column":19},"end":{"line":66,"column":61}},"type":"binary-expr","locations":[{"start":{"line":66,"column":19},"end":{"line":66,"column":37}},{"start":{"line":66,"column":41},"end":{"line":66,"column":61}}],"line":66},"4":{"loc":{"start":{"line":69,"column":21},"end":{"line":76,"column":17}},"type":"if","locations":[{"start":{"line":69,"column":21},"end":{"line":76,"column":17}},{"start":{},"end":{}}],"line":69},"5":{"loc":{"start":{"line":71,"column":24},"end":{"line":73,"column":25}},"type":"if","locations":[{"start":{"line":71,"column":24},"end":{"line":73,"column":25}},{"start":{},"end":{}}],"line":71},"6":{"loc":{"start":{"line":71,"column":27},"end":{"line":71,"column":72}},"type":"binary-expr","locations":[{"start":{"line":71,"column":27},"end":{"line":71,"column":48}},{"start":{"line":71,"column":52},"end":{"line":71,"column":72}}],"line":71},"7":{"loc":{"start":{"line":119,"column":4},"end":{"line":126,"column":5}},"type":"if","locations":[{"start":{"line":119,"column":4},"end":{"line":126,"column":5}},{"start":{"line":124,"column":8},"end":{"line":126,"column":5}}],"line":119},"8":{"loc":{"start":{"line":130,"column":8},"end":{"line":132,"column":9}},"type":"if","locations":[{"start":{"line":130,"column":8},"end":{"line":132,"column":9}},{"start":{},"end":{}}],"line":130}},"s":{"0":1,"1":1,"2":1,"3":1,"4":1,"5":1,"6":4,"7":1,"8":4,"9":0,"10":0,"11":0,"12":0,"13":0,"14":0,"15":0,"16":0,"17":0,"18":0,"19":0,"20":0,"21":0,"22":0,"23":0,"24":0,"25":0,"26":0,"27":0,"28":0,"29":0,"30":0,"31":0,"32":0,"33":0,"34":0,"35":1,"36":1,"37":1,"38":1,"39":1,"40":0,"41":0,"42":1,"43":1,"44":1,"45":1,"46":1,"47":0,"48":0,"49":0,"50":0,"51":0,"52":0,"53":0,"54":0,"55":0,"56":0,"57":0,"58":1,"59":1,"60":1,"61":1,"62":1,"63":1,"64":1,"65":1,"66":1},"f":{"0":4,"1":0,"2":0,"3":0,"4":0,"5":0,"6":0,"7":1,"8":1,"9":1,"10":0,"11":0,"12":0,"13":0},"b":{"0":[1,3],"1":[0,0],"2":[0,0],"3":[0,0],"4":[0,0],"5":[0,0],"6":[0,0],"7":[0,0],"8":[0,0]},"_coverageSchema":"1a1c01bbd47fc00a2c39e90264f33305004495a9","hash":"94b050ab7882eb5598c2127956e94eb71b4f7904"}
}
