TN:
SF:models\leagueService.js
FN:4,(anonymous_0)
FN:8,(anonymous_1)
FN:19,(anonymous_2)
FN:36,(anonymous_3)
FN:50,(anonymous_4)
FN:53,(anonymous_5)
FN:57,(anonymous_6)
FN:63,(anonymous_7)
FN:66,(anonymous_8)
FNF:9
FNH:7
FNDA:9,(anonymous_0)
FNDA:1,(anonymous_1)
FNDA:0,(anonymous_2)
FNDA:0,(anonymous_3)
FNDA:1,(anonymous_4)
FNDA:1,(anonymous_5)
FNDA:1,(anonymous_6)
FNDA:1,(anonymous_7)
FNDA:1,(anonymous_8)
DA:1,1
DA:5,9
DA:9,1
DA:10,1
DA:11,1
DA:12,1
DA:13,1
DA:14,1
DA:15,1
DA:16,1
DA:20,0
DA:21,0
DA:22,0
DA:23,0
DA:24,0
DA:25,0
DA:27,0
DA:28,0
DA:30,0
DA:32,0
DA:37,0
DA:38,0
DA:39,0
DA:40,0
DA:41,0
DA:43,0
DA:46,0
DA:51,1
DA:54,1
DA:58,1
DA:64,1
DA:67,1
DA:71,1
LF:33
LH:16
BRDA:12,0,0,0
BRDA:12,0,1,1
BRDA:21,1,0,0
BRDA:21,1,1,0
BRDA:22,2,0,0
BRDA:22,2,1,0
BRDA:40,3,0,0
BRDA:40,3,1,0
BRF:8
BRH:1
end_of_record
TN:
SF:models\prefSchema.js
FNF:0
FNH:0
DA:1,2
DA:2,2
DA:4,2
DA:56,2
LF:4
LH:4
BRF:0
BRH:0
end_of_record
TN:
SF:models\sportInfoServices.js
FN:5,getDbConnection
FN:16,setConnection
FN:21,getSports
FN:31,getSport
FN:41,getTeams
FN:56,getSportsRequest
FN:65,getSportRequest
FN:74,getTeamsRequest
FNF:8
FNH:5
FNDA:5,getDbConnection
FNDA:1,setConnection
FNDA:1,getSports
FNDA:4,getSport
FNDA:2,getTeams
FNDA:0,getSportsRequest
FNDA:0,getSportRequest
FNDA:0,getTeamsRequest
DA:1,1
DA:2,1
DA:6,5
DA:7,5
DA:8,0
DA:13,5
DA:17,1
DA:18,1
DA:22,1
DA:23,1
DA:24,1
DA:26,0
DA:27,0
DA:32,4
DA:33,4
DA:34,4
DA:36,0
DA:37,0
DA:42,2
DA:43,2
DA:45,2
DA:46,1
DA:48,1
DA:50,0
DA:51,0
DA:57,0
DA:58,0
DA:59,0
DA:61,0
DA:66,0
DA:67,0
DA:68,0
DA:69,0
DA:71,0
DA:75,0
DA:76,0
DA:77,0
DA:78,0
DA:80,0
DA:83,1
DA:84,1
DA:85,1
DA:86,1
DA:87,1
DA:88,1
DA:89,1
LF:46
LH:25
BRDA:7,0,0,0
BRDA:7,0,1,5
BRDA:45,1,0,1
BRDA:45,1,1,1
BRDA:58,2,0,0
BRDA:58,2,1,0
BRDA:68,3,0,0
BRDA:68,3,1,0
BRDA:77,4,0,0
BRDA:77,4,1,0
BRF:10
BRH:3
end_of_record
TN:
SF:models\sportSchema.js
FNF:0
FNH:0
DA:1,1
DA:2,1
DA:3,1
DA:5,1
DA:19,1
LF:5
LH:5
BRF:0
BRH:0
end_of_record
TN:
SF:models\userSchema.js
FN:34,(anonymous_0)
FN:46,(anonymous_1)
FNF:2
FNH:2
FNDA:145,(anonymous_0)
FNDA:6,(anonymous_1)
DA:1,2
DA:2,2
DA:4,2
DA:6,2
DA:7,2
DA:8,2
DA:10,2
DA:34,2
DA:37,145
DA:41,145
DA:46,2
DA:47,6
DA:49,6
DA:53,2
LF:14
LH:14
BRF:0
BRH:0
end_of_record
TN:
SF:models\userServices.js
FN:13,getDbConnection
FN:23,setConnection
FN:29,signUpUser
FN:63,validateAndSignUp
FN:69,(anonymous_4)
FN:71,(anonymous_5)
FN:76,(anonymous_6)
FN:93,getUserPreferences
FN:99,(anonymous_8)
FN:108,setUserPreferences
FN:114,getUsers
FN:131,findUserByUsername
FN:136,findUserByEmail
FN:141,findUserById
FN:152,login
FN:153,(anonymous_15)
FNF:16
FNH:15
FNDA:82,getDbConnection
FNDA:1,setConnection
FNDA:19,signUpUser
FNDA:17,validateAndSignUp
FNDA:13,(anonymous_4)
FNDA:12,(anonymous_5)
FNDA:2,(anonymous_6)
FNDA:2,getUserPreferences
FNDA:2,(anonymous_8)
FNDA:0,setUserPreferences
FNDA:5,getUsers
FNDA:22,findUserByUsername
FNDA:14,findUserByEmail
FNDA:5,findUserById
FNDA:5,login
FNDA:5,(anonymous_15)
DA:1,1
DA:2,1
DA:3,1
DA:5,1
DA:6,1
DA:9,1
DA:14,82
DA:15,0
DA:20,82
DA:24,1
DA:25,1
DA:30,19
DA:31,2
DA:34,17
DA:36,17
DA:38,17
DA:40,17
DA:43,17
DA:50,17
DA:52,17
DA:54,17
DA:55,17
DA:56,15
DA:58,2
DA:59,2
DA:65,17
DA:66,4
DA:69,13
DA:70,13
DA:71,12
DA:72,12
DA:73,9
DA:75,3
DA:76,2
DA:77,2
DA:78,0
DA:80,2
DA:83,1
DA:87,1
DA:94,2
DA:95,2
DA:99,2
DA:100,2
DA:101,1
DA:103,1
DA:109,0
DA:110,0
DA:115,5
DA:116,5
DA:117,5
DA:118,1
DA:119,4
DA:120,2
DA:121,2
DA:122,2
DA:124,5
DA:126,0
DA:127,0
DA:132,22
DA:133,22
DA:137,14
DA:138,14
DA:143,5
DA:144,3
DA:145,3
DA:146,3
DA:149,2
DA:153,5
DA:154,5
DA:155,2
DA:157,3
DA:162,1
DA:163,1
DA:164,1
DA:165,1
DA:166,1
DA:167,1
DA:168,1
DA:169,1
DA:170,1
DA:171,1
LF:81
LH:75
BRDA:14,0,0,0
BRDA:14,0,1,82
BRDA:30,1,0,2
BRDA:30,1,1,17
BRDA:30,2,0,19
BRDA:30,2,1,18
BRDA:30,2,2,17
BRDA:65,3,0,4
BRDA:65,3,1,13
BRDA:65,4,0,17
BRDA:65,4,1,15
BRDA:65,4,2,13
BRDA:70,5,0,12
BRDA:70,5,1,1
BRDA:72,6,0,9
BRDA:72,6,1,3
BRDA:72,7,0,12
BRDA:72,7,1,10
BRDA:75,8,0,2
BRDA:75,8,1,1
BRDA:77,9,0,0
BRDA:77,9,1,2
BRDA:77,10,0,2
BRDA:77,10,1,1
BRDA:100,11,0,1
BRDA:100,11,1,1
BRDA:117,12,0,1
BRDA:117,12,1,4
BRDA:117,13,0,5
BRDA:117,13,1,3
BRDA:119,14,0,2
BRDA:119,14,1,2
BRDA:119,15,0,4
BRDA:119,15,1,2
BRDA:121,16,0,2
BRDA:121,16,1,0
BRDA:121,17,0,2
BRDA:121,17,1,2
BRDA:143,18,0,3
BRDA:143,18,1,2
BRDA:154,19,0,2
BRDA:154,19,1,3
BRF:42
BRH:39
end_of_record
