TN:
SF:models\leagueService.js
FN:4,(anonymous_0)
FN:8,(anonymous_1)
FN:19,(anonymous_2)
FN:36,(anonymous_3)
FN:50,(anonymous_4)
FN:53,(anonymous_5)
FN:57,(anonymous_6)
FN:63,(anonymous_7)
FN:66,(anonymous_8)
FNF:9
FNH:2
FNDA:4,(anonymous_0)
FNDA:1,(anonymous_1)
FNDA:0,(anonymous_2)
FNDA:0,(anonymous_3)
FNDA:0,(anonymous_4)
FNDA:0,(anonymous_5)
FNDA:0,(anonymous_6)
FNDA:0,(anonymous_7)
FNDA:0,(anonymous_8)
DA:1,1
DA:5,4
DA:9,1
DA:10,1
DA:11,1
DA:12,1
DA:13,1
DA:14,1
DA:15,1
DA:16,1
DA:20,0
DA:21,0
DA:22,0
DA:23,0
DA:24,0
DA:25,0
DA:27,0
DA:28,0
DA:30,0
DA:32,0
DA:37,0
DA:38,0
DA:39,0
DA:40,0
DA:41,0
DA:43,0
DA:46,0
DA:51,0
DA:54,0
DA:58,0
DA:64,0
DA:67,0
DA:71,1
LF:33
LH:11
BRDA:12,0,0,0
BRDA:12,0,1,1
BRDA:21,1,0,0
BRDA:21,1,1,0
BRDA:22,2,0,0
BRDA:22,2,1,0
BRDA:40,3,0,0
BRDA:40,3,1,0
BRF:8
BRH:1
end_of_record
TN:
SF:models\prefSchema.js
FNF:0
FNH:0
DA:1,2
DA:2,2
DA:4,2
DA:56,2
LF:4
LH:4
BRF:0
BRH:0
end_of_record
TN:
SF:models\sportInfoServices.js
FN:5,getDbConnection
FN:16,setConnection
FN:21,getSports
FN:31,getSport
FN:41,getTeams
FN:56,getSportsRequest
FN:65,getSportRequest
FN:74,getTeamsRequest
FNF:8
FNH:5
FNDA:5,getDbConnection
FNDA:1,setConnection
FNDA:1,getSports
FNDA:4,getSport
FNDA:2,getTeams
FNDA:0,getSportsRequest
FNDA:0,getSportRequest
FNDA:0,getTeamsRequest
DA:1,1
DA:2,1
DA:6,5
DA:7,5
DA:8,0
DA:13,5
DA:17,1
DA:18,1
DA:22,1
DA:23,1
DA:24,1
DA:26,0
DA:27,0
DA:32,4
DA:33,4
DA:34,4
DA:36,0
DA:37,0
DA:42,2
DA:43,2
DA:45,2
DA:46,1
DA:48,1
DA:50,0
DA:51,0
DA:57,0
DA:58,0
DA:59,0
DA:61,0
DA:66,0
DA:67,0
DA:68,0
DA:69,0
DA:71,0
DA:75,0
DA:76,0
DA:77,0
DA:78,0
DA:80,0
DA:83,1
DA:84,1
DA:85,1
DA:86,1
DA:87,1
DA:88,1
DA:89,1
LF:46
LH:25
BRDA:7,0,0,0
BRDA:7,0,1,5
BRDA:45,1,0,1
BRDA:45,1,1,1
BRDA:58,2,0,0
BRDA:58,2,1,0
BRDA:68,3,0,0
BRDA:68,3,1,0
BRDA:77,4,0,0
BRDA:77,4,1,0
BRF:10
BRH:3
end_of_record
TN:
SF:models\sportSchema.js
FNF:0
FNH:0
DA:1,1
DA:2,1
DA:3,1
DA:5,1
DA:19,1
LF:5
LH:5
BRF:0
BRH:0
end_of_record
TN:
SF:models\userSchema.js
FN:34,(anonymous_0)
FN:46,(anonymous_1)
FNF:2
FNH:2
FNDA:32,(anonymous_0)
FNDA:1,(anonymous_1)
DA:1,2
DA:2,2
DA:4,2
DA:6,2
DA:7,2
DA:8,2
DA:10,2
DA:34,2
DA:37,32
DA:41,32
DA:46,2
DA:47,1
DA:49,1
DA:53,2
LF:14
LH:14
BRF:0
BRH:0
end_of_record
TN:
SF:models\userServices.js
FN:13,getDbConnection
FN:23,setConnection
FN:29,signUpUser
FN:64,validateAndSignUp
FN:70,(anonymous_4)
FN:72,(anonymous_5)
FN:77,(anonymous_6)
FN:94,getUserPreferences
FN:108,setUserPreferences
FN:119,getUsers
FN:137,findUserByUsername
FN:142,findUserByEmail
FN:147,findUserById
FN:158,login
FN:159,(anonymous_14)
FNF:15
FNH:1
FNDA:0,getDbConnection
FNDA:1,setConnection
FNDA:0,signUpUser
FNDA:0,validateAndSignUp
FNDA:0,(anonymous_4)
FNDA:0,(anonymous_5)
FNDA:0,(anonymous_6)
FNDA:0,getUserPreferences
FNDA:0,setUserPreferences
FNDA:0,getUsers
FNDA:0,findUserByUsername
FNDA:0,findUserByEmail
FNDA:0,findUserById
FNDA:0,login
FNDA:0,(anonymous_14)
DA:1,1
DA:2,1
DA:3,1
DA:5,1
DA:6,1
DA:9,1
DA:14,0
DA:15,0
DA:20,0
DA:24,1
DA:25,1
DA:30,0
DA:31,0
DA:35,0
DA:37,0
DA:39,0
DA:41,0
DA:44,0
DA:51,0
DA:53,0
DA:55,0
DA:56,0
DA:57,0
DA:59,0
DA:60,0
DA:66,0
DA:67,0
DA:70,0
DA:71,0
DA:72,0
DA:73,0
DA:74,0
DA:76,0
DA:77,0
DA:78,0
DA:79,0
DA:81,0
DA:84,0
DA:88,0
DA:95,0
DA:96,0
DA:98,0
DA:99,0
DA:100,0
DA:102,0
DA:103,0
DA:109,0
DA:110,0
DA:111,0
DA:113,0
DA:115,0
DA:120,0
DA:121,0
DA:122,0
DA:123,0
DA:124,0
DA:125,0
DA:126,0
DA:127,0
DA:130,0
DA:132,0
DA:133,0
DA:138,0
DA:139,0
DA:143,0
DA:144,0
DA:149,0
DA:150,0
DA:151,0
DA:152,0
DA:155,0
DA:159,0
DA:160,0
DA:161,0
DA:163,0
DA:168,1
DA:169,1
DA:170,1
DA:171,1
DA:172,1
DA:173,1
DA:174,1
DA:175,1
DA:176,1
DA:177,1
LF:85
LH:18
BRDA:14,0,0,0
BRDA:14,0,1,0
BRDA:30,1,0,0
BRDA:30,1,1,0
BRDA:30,2,0,0
BRDA:30,2,1,0
BRDA:30,2,2,0
BRDA:30,2,3,0
BRDA:66,3,0,0
BRDA:66,3,1,0
BRDA:66,4,0,0
BRDA:66,4,1,0
BRDA:66,4,2,0
BRDA:66,4,3,0
BRDA:71,5,0,0
BRDA:71,5,1,0
BRDA:73,6,0,0
BRDA:73,6,1,0
BRDA:73,7,0,0
BRDA:73,7,1,0
BRDA:76,8,0,0
BRDA:76,8,1,0
BRDA:78,9,0,0
BRDA:78,9,1,0
BRDA:78,10,0,0
BRDA:78,10,1,0
BRDA:122,11,0,0
BRDA:122,11,1,0
BRDA:122,12,0,0
BRDA:122,12,1,0
BRDA:124,13,0,0
BRDA:124,13,1,0
BRDA:124,14,0,0
BRDA:124,14,1,0
BRDA:126,15,0,0
BRDA:126,15,1,0
BRDA:126,16,0,0
BRDA:126,16,1,0
BRDA:149,17,0,0
BRDA:149,17,1,0
BRDA:160,18,0,0
BRDA:160,18,1,0
BRF:42
BRH:0
end_of_record
